\BOOKMARK [1][-]{Doc-Start}{\376\377\000A\000b\000k\000\374\000r\000z\000u\000n\000g\000s\000v\000e\000r\000z\000e\000i\000c\000h\000n\000i\000s}{}% 1
\BOOKMARK [1][-]{section.1}{\376\377\000E\000i\000n\000l\000e\000i\000t\000u\000n\000g}{}% 2
\BOOKMARK [2][-]{subsection.1.1}{\376\377\000M\000o\000t\000i\000v\000a\000t\000i\000o\000n\000\040\000u\000n\000d\000\040\000P\000r\000o\000b\000l\000e\000m\000s\000t\000e\000l\000l\000u\000n\000g}{section.1}% 3
\BOOKMARK [2][-]{subsection.1.2}{\376\377\000F\000o\000r\000s\000c\000h\000u\000n\000g\000s\000f\000r\000a\000g\000e\000\040\000u\000n\000d\000\040\000Z\000i\000e\000l\000s\000e\000t\000z\000u\000n\000g}{section.1}% 4
\BOOKMARK [2][-]{subsection.1.3}{\376\377\000A\000u\000f\000b\000a\000u\000\040\000d\000e\000r\000\040\000A\000r\000b\000e\000i\000t}{section.1}% 5
\BOOKMARK [1][-]{section.2}{\376\377\000T\000h\000e\000o\000r\000e\000t\000i\000s\000c\000h\000e\000\040\000F\000u\000n\000d\000i\000e\000r\000u\000n\000g}{}% 6
\BOOKMARK [2][-]{subsection.2.1}{\376\377\000G\000r\000u\000n\000d\000l\000a\000g\000e\000n\000\040\000d\000e\000r\000\040\000N\000e\000t\000z\000w\000e\000r\000k\000-\000A\000n\000o\000m\000a\000l\000i\000e\000e\000r\000k\000e\000n\000n\000u\000n\000g\000\040\000u\000n\000d\000\040\000I\000n\000t\000r\000u\000s\000i\000o\000n\000\040\000D\000e\000t\000e\000c\000t\000i\000o\000n\000\040\000S\000y\000s\000t\000e\000m\000s}{section.2}% 7
\BOOKMARK [2][-]{subsection.2.2}{\376\377\000T\000r\000a\000d\000i\000t\000i\000o\000n\000e\000l\000l\000e\000\040\000v\000e\000r\000s\000u\000s\000\040\000M\000a\000c\000h\000i\000n\000e\000\040\000L\000e\000a\000r\000n\000i\000n\000g\000-\000b\000a\000s\000i\000e\000r\000t\000e\000\040\000D\000e\000t\000e\000k\000t\000i\000o\000n\000s\000a\000n\000s\000\344\000t\000z\000e}{section.2}% 8
\BOOKMARK [2][-]{subsection.2.3}{\376\377\000M\000a\000c\000h\000i\000n\000e\000\040\000L\000e\000a\000r\000n\000i\000n\000g\000-\000T\000a\000x\000o\000n\000o\000m\000i\000e\000\040\000f\000\374\000r\000\040\000A\000n\000o\000m\000a\000l\000i\000e\000e\000r\000k\000e\000n\000n\000u\000n\000g}{section.2}% 9
\BOOKMARK [2][-]{subsection.2.4}{\376\377\000T\000r\000a\000n\000s\000f\000e\000r\000\040\000L\000e\000a\000r\000n\000i\000n\000g\000\040\000u\000n\000d\000\040\000C\000r\000o\000s\000s\000-\000D\000a\000t\000a\000s\000e\000t\000-\000G\000e\000n\000e\000r\000a\000l\000i\000s\000i\000e\000r\000u\000n\000g}{section.2}% 10
\BOOKMARK [1][-]{section.3}{\376\377\000M\000e\000t\000h\000o\000d\000i\000k}{}% 11
\BOOKMARK [2][-]{subsection.3.1}{\376\377\000D\000a\000t\000e\000n}{section.3}% 12
\BOOKMARK [2][-]{subsection.3.2}{\376\377\000M\000o\000d\000e\000l\000l\000e\000\040\000u\000n\000d\000\040\000H\000y\000p\000e\000r\000p\000a\000r\000a\000m\000e\000t\000e\000r}{section.3}% 13
\BOOKMARK [1][-]{section.4}{\376\377\000E\000r\000g\000e\000b\000n\000i\000s\000s\000e}{}% 14
\BOOKMARK [1][-]{section.5}{\376\377\000D\000i\000s\000k\000u\000s\000s\000i\000o\000n}{}% 15
\BOOKMARK [1][-]{section.6}{\376\377\000F\000a\000z\000i\000t}{}% 16
\BOOKMARK [1][-]{section.6}{\376\377\000A\000n\000h\000a\000n\000g\000s\000v\000e\000r\000z\000e\000i\000c\000h\000n\000i\000s}{}% 17
\BOOKMARK [1][-]{appendix.A}{\376\377\000Z\000u\000s\000a\000t\000z\000a\000b\000b\000i\000l\000d\000u\000n\000g\000e\000n}{}% 18
\BOOKMARK [1][-]{appendix.B}{\376\377\000P\000s\000e\000u\000d\000o\000c\000o\000d\000e}{}% 19
\BOOKMARK [1][-]{appendix.B}{\376\377\000N\000\374\000t\000z\000l\000i\000c\000h\000e\000\040\000L\000a\000T\000e\000X\000-\000R\000e\000f\000e\000r\000e\000n\000z}{}% 20
